[debug] > Exec(early(addDefaultCommands), None, None)
[debug] > Exec(addDefaultCommands, None, None)
[debug] > Exec(early(initialize), None, None)
[debug] > Exec(initialize, None, None)
[debug] > Exec(boot, None, None)
[debug] > Exec(writeSbtVersion, None, None)
[debug] > Exec(reload, None, None)
[debug] > Exec(sbtStashOnFailure, None, None)
[debug] > Exec(onFailure loadFailed, None, None)
[debug] > Exec(loadp, None, None)
[info] welcome to sbt 1.10.6 (Eclipse Adoptium Java 17.0.13)
[debug] Load.defaultLoad until apply took 30.794119ms
[debug]           Load.loadUnit: plugins took 23.867368ms
[debug]           Load.loadUnit: defsScala took 0.099417ms
[debug] [Loading] Scanning directory /home/wuxy/BPVU/project
[debug] [Loading] Found non-root projects 
[debug] [Loading] Done in /home/wuxy/BPVU/project, returning: ()
[debug] deducing auto plugins based on known facts Set(Atom(sbt.plugins.CorePlugin)) and clauses Clauses(Clause(Atom(sbt.plugins.JvmPlugin),Set(Atom(sbt.plugins.IvyPlugin)))
[debug] Clause(Atom(sbt.ScriptedPlugin),Set(Atom(sbt.plugins.JvmPlugin)))
[debug] Clause(Atom(sbt.plugins.SbtPlugin),Set(Atom(sbt.ScriptedPlugin)))
[debug] Clause(Atom(sbt.plugins.SemanticdbPlugin),Set(Atom(sbt.plugins.JvmPlugin)))
[debug] Clause(Atom(sbt.plugins.JUnitXmlReportPlugin),Set(Atom(sbt.plugins.JvmPlugin)))
[debug] Clause(Atom(sbt.plugins.MiniDependencyTreePlugin),Set(Atom(sbt.plugins.JvmPlugin)))
[debug] Clause(Atom(sbt.plugins.CorePlugin),Set(Atom(sbt.plugins.IvyPlugin)))
[debug] Clause(Atom(sbt.plugins.IvyPlugin),Set(Atom(sbt.plugins.JvmPlugin)))
[debug] Clause(Atom(sbt.plugins.JvmPlugin),Set(Atom(sbt.plugins.SemanticdbPlugin)))
[debug] Clause(Atom(sbt.plugins.JvmPlugin),Set(Atom(sbt.plugins.JUnitXmlReportPlugin)))
[debug] Clause(Atom(sbt.plugins.CorePlugin),Set(Atom(sbt.plugins.Giter8TemplatePlugin)))
[debug] Clause(Atom(sbt.plugins.JvmPlugin),Set(Atom(sbt.plugins.MiniDependencyTreePlugin))))
[debug]   :: deduced result: Matched(sbt.plugins.CorePlugin,sbt.plugins.Giter8TemplatePlugin,sbt.plugins.IvyPlugin,sbt.plugins.JvmPlugin,sbt.plugins.MiniDependencyTreePlugin,sbt.plugins.JUnitXmlReportPlugin,sbt.plugins.SemanticdbPlugin)
[debug] Plugins.deducer#function took 5.763459 ms
[debug]               Load.resolveProject(bpvu-build) took 16.89354ms
[debug]             Load.loadTransitive: finalizeProject(Project(id bpvu-build, base: /home/wuxy/BPVU/project, plugins: List(<none>))) took 29.277159ms
[debug] [Loading] Done in /home/wuxy/BPVU/project, returning: (bpvu-build)
[debug]           Load.loadUnit: loadedProjectsRaw took 38.200344ms
[debug]           Load.loadUnit: cleanEvalClasses took 0.078068ms
[debug]         Load.loadUnit(file:/home/wuxy/BPVU/project/, ...) took 64.169102ms
[debug]       Load.apply: load took 116.39763ms
[debug]       Load.apply: resolveProjects took 1.725513ms
[debug]       Load.apply: finalTransforms took 18.609893ms
[debug]       Load.apply: config.delegates took 2.10762ms
[debug]       Load.apply: Def.make(settings)... took 114.662282ms
[debug]       Load.apply: structureIndex took 36.164183ms
[debug]       Load.apply: mkStreams took 0.562522ms
[info] loading project definition from /home/wuxy/BPVU/project
[debug] Running task... Cancel: Signal, check cycles: false, forcegc: true
[debug]     Load.loadUnit: plugins took 508.424743ms
[debug]     Load.loadUnit: defsScala took 0.0019ms
[debug] [Loading] Scanning directory /home/wuxy/BPVU
[debug]       Load.loadUnit: mkEval took 1.470091ms
[debug] [Loading] Found root project root w/ remaining 
[debug] deducing auto plugins based on known facts Set(Atom(sbt.plugins.CorePlugin)) and clauses Clauses(Clause(Atom(sbt.plugins.JvmPlugin),Set(Atom(sbt.plugins.IvyPlugin)))
[debug] Clause(Atom(sbt.ScriptedPlugin),Set(Atom(sbt.plugins.JvmPlugin)))
[debug] Clause(Atom(sbt.plugins.SbtPlugin),Set(Atom(sbt.ScriptedPlugin)))
[debug] Clause(Atom(sbt.plugins.SemanticdbPlugin),Set(Atom(sbt.plugins.JvmPlugin)))
[debug] Clause(Atom(sbt.plugins.JUnitXmlReportPlugin),Set(Atom(sbt.plugins.JvmPlugin)))
[debug] Clause(Atom(sbt.plugins.MiniDependencyTreePlugin),Set(Atom(sbt.plugins.JvmPlugin)))
[debug] Clause(Atom(sbt.plugins.CorePlugin),Set(Atom(sbt.plugins.IvyPlugin)))
[debug] Clause(Atom(sbt.plugins.IvyPlugin),Set(Atom(sbt.plugins.JvmPlugin)))
[debug] Clause(Atom(sbt.plugins.JvmPlugin),Set(Atom(sbt.plugins.SemanticdbPlugin)))
[debug] Clause(Atom(sbt.plugins.JvmPlugin),Set(Atom(sbt.plugins.JUnitXmlReportPlugin)))
[debug] Clause(Atom(sbt.plugins.CorePlugin),Set(Atom(sbt.plugins.Giter8TemplatePlugin)))
[debug] Clause(Atom(sbt.plugins.JvmPlugin),Set(Atom(sbt.plugins.MiniDependencyTreePlugin))))
[debug]   :: deduced result: Matched(sbt.plugins.CorePlugin,sbt.plugins.Giter8TemplatePlugin,sbt.plugins.IvyPlugin,sbt.plugins.JvmPlugin,sbt.plugins.MiniDependencyTreePlugin,sbt.plugins.JUnitXmlReportPlugin,sbt.plugins.SemanticdbPlugin)
[debug] Plugins.deducer#function took 0.733565 ms
[info] loading settings for project root from build.sbt...
[debug]         Load.resolveProject(root) took 0.762314ms
[debug]       Load.loadTransitive: finalizeProject(Project(id root, base: /home/wuxy/BPVU, plugins: List(<none>))) took 1.821369ms
[debug] [Loading] Done in /home/wuxy/BPVU, returning: (root)
[debug]     Load.loadUnit: loadedProjectsRaw took 44.036761ms
[debug]     Load.loadUnit: cleanEvalClasses took 1.339716ms
[debug]   Load.loadUnit(file:/home/wuxy/BPVU/, ...) took 554.255485ms
[debug] Load.apply: load took 559.999814ms
[debug] Load.apply: resolveProjects took 0.071577ms
[debug] Load.apply: finalTransforms took 4.21663ms
[debug] Load.apply: config.delegates took 0.193533ms
[debug] Load.apply: Def.make(settings)... took 24.369012ms
[debug] Load.apply: structureIndex took 13.019929ms
[debug] Load.apply: mkStreams took 0.00215ms
[info] set current project to PVU (in build file:/home/wuxy/BPVU/)
[debug] > Exec(sbtPopOnFailure, None, None)
[debug] > Exec(resumeFromFailure, None, None)
[debug] > Exec(notifyUsersAboutShell, None, None)
[debug] > Exec(iflast shell, None, None)
[debug] > Exec(runMain pvu.Elaborate, None, None)
[debug] Evaluating tasks: Compile / runMain
[debug] Running task... Cancel: Signal, check cycles: false, forcegc: true
[info] compiling 1 Scala source to /home/wuxy/BPVU/target/scala-2.13/classes ...
[info] done compiling
[warn] Canceling execution...
[warn] Canceling execution...
[warn] Canceling execution...
