2025.03.26 16:04:50 INFO  Started: Metals version 1.5.1 in folders '/home/wuxy/BPVU' for client Visual Studio Code 1.98.2.
2025.03.26 16:04:50 INFO  Attempting to connect to the build server...
2025.03.26 16:04:50 INFO  Found a Bloop server running
2025.03.26 16:04:50 INFO  tracing is disabled for protocol BSP, to enable tracing of incoming and outgoing JSON messages create an empty file at /home/wuxy/BPVU/.metals/bsp.trace.json or /home/wuxy/.cache/metals/bsp.trace.json
2025.03.26 16:04:50 INFO  time: Connected to build server in 0.14s
2025.03.26 16:04:50 INFO  Connected to Build server: Bloop v2.0.8
2025.03.26 16:04:50 INFO  running doctor check
2025.03.26 16:04:50 INFO  java targets: Elaborate.test, Elaborate, mill-build-
2025.03.26 16:04:51 INFO  no build target found for /home/wuxy/BPVU/src/main/scala/pvu/FracNorm_DotProduct.scala. Using presentation compiler with project's scala-library version: 2.13.15
3月 26, 2025 4:04:53 下午 org.eclipse.lsp4j.jsonrpc.services.GenericEndpoint notify
信息: Unsupported notification method: $/setTrace
2025.03.26 16:04:53 INFO  no build target found for /home/wuxy/BPVU/src/main/scala/pvu/FracNorm_DotProduct.scala. Using presentation compiler with project's scala-library version: 2.13.15
2025.03.26 16:04:53 INFO  no build target found for /home/wuxy/BPVU/src/main/scala/pvu/FracNorm_DotProduct.scala. Using presentation compiler with project's scala-library version: 2.13.15
2025.03.26 16:04:53 INFO  no build target found for /home/wuxy/BPVU/src/main/scala/pvu/FracNorm_DotProduct.scala. Using presentation compiler with project's scala-library version: 2.13.15
3月 26, 2025 4:04:53 下午 org.eclipse.lsp4j.jsonrpc.RemoteEndpoint handleCancellation
警告: Unmatched cancel notification for request id 9
2025.03.26 16:04:53 INFO  no build target found for /home/wuxy/BPVU/src/main/scala/pvu/FracNorm_DotProduct.scala. Using presentation compiler with project's scala-library version: 2.13.15
2025.03.26 16:04:53 INFO  no build target found for /home/wuxy/BPVU/src/main/scala/pvu/FracNorm_DotProduct.scala. Using presentation compiler with project's scala-library version: 2.13.15
3月 26, 2025 4:04:53 下午 org.eclipse.lsp4j.jsonrpc.RemoteEndpoint handleCancellation
警告: Unmatched cancel notification for request id 15
3月 26, 2025 4:04:53 下午 org.eclipse.lsp4j.jsonrpc.RemoteEndpoint handleCancellation
警告: Unmatched cancel notification for request id 12
2025.03.26 16:04:53 INFO  no build target found for /home/wuxy/BPVU/src/main/scala/pvu/FracNorm_DotProduct.scala. Using presentation compiler with project's scala-library version: 2.13.15
3月 26, 2025 4:04:53 下午 org.eclipse.lsp4j.jsonrpc.services.GenericEndpoint notify
信息: Unsupported notification method: $/setTrace
2025.03.26 16:04:54 INFO  time: indexed workspace in 3.81s
2025.03.26 16:04:54 WARN  no build target for: /home/wuxy/BPVU/src/main/scala/pvu/FracNorm_DotProduct.scala
2025.03.26 16:04:54 INFO  no build target found for /home/wuxy/BPVU/src/main/scala/pvu/FracNorm_DotProduct.scala. Using presentation compiler with project's scala-library version: 2.13.15
2025.03.26 16:04:54 INFO  no build target found for /home/wuxy/BPVU/src/main/scala/pvu/FracNorm_DotProduct.scala. Using presentation compiler with project's scala-library version: 2.13.15
3月 26, 2025 4:05:01 下午 org.eclipse.lsp4j.jsonrpc.services.GenericEndpoint notify
信息: Unsupported notification method: $/setTrace
2025.03.26 16:05:03 INFO  no build target found for /home/wuxy/BPVU/src/main/scala/pvu/FracNorm_DotProduct.scala. Using presentation compiler with project's scala-library version: 2.13.15
2025.03.26 16:05:03 INFO  no build target found for /home/wuxy/BPVU/src/main/scala/pvu/FracNorm_DotProduct.scala. Using presentation compiler with project's scala-library version: 2.13.15
2025.03.26 16:05:03 INFO  no build target found for /home/wuxy/BPVU/src/main/scala/pvu/FracNorm_DotProduct.scala. Using presentation compiler with project's scala-library version: 2.13.15
3月 26, 2025 4:05:03 下午 org.eclipse.lsp4j.jsonrpc.RemoteEndpoint handleCancellation
警告: Unmatched cancel notification for request id 27
3月 26, 2025 4:05:03 下午 org.eclipse.lsp4j.jsonrpc.RemoteEndpoint handleCancellation
警告: Unmatched cancel notification for request id 28
3月 26, 2025 4:05:03 下午 org.eclipse.lsp4j.jsonrpc.services.GenericEndpoint notify
信息: Unsupported notification method: $/setTrace
3月 26, 2025 4:05:26 下午 org.eclipse.lsp4j.jsonrpc.services.GenericEndpoint notify
信息: Unsupported notification method: $/setTrace
3月 26, 2025 4:05:50 下午 org.eclipse.lsp4j.jsonrpc.services.GenericEndpoint notify
警告: Unsupported notification method: metals/windowStateDidChange
3月 26, 2025 4:09:41 下午 org.eclipse.lsp4j.jsonrpc.services.GenericEndpoint notify
警告: Unsupported notification method: metals/windowStateDidChange
3月 26, 2025 4:09:58 下午 org.eclipse.lsp4j.jsonrpc.services.GenericEndpoint notify
警告: Unsupported notification method: metals/windowStateDidChange
2025.03.26 16:09:59 INFO  no build target found for /home/wuxy/BPVU/src/main/scala/pvu/FracNorm_DotProduct.scala. Using presentation compiler with project's scala-library version: 2.13.15
3月 26, 2025 4:10:04 下午 org.eclipse.lsp4j.jsonrpc.services.GenericEndpoint notify
警告: Unsupported notification method: metals/windowStateDidChange
3月 26, 2025 4:10:38 下午 org.eclipse.lsp4j.jsonrpc.services.GenericEndpoint notify
警告: Unsupported notification method: metals/windowStateDidChange
3月 26, 2025 4:10:38 下午 org.eclipse.lsp4j.jsonrpc.services.GenericEndpoint notify
警告: Unsupported notification method: metals/windowStateDidChange
3月 26, 2025 4:10:41 下午 org.eclipse.lsp4j.jsonrpc.services.GenericEndpoint notify
警告: Unsupported notification method: metals/windowStateDidChange
3月 26, 2025 4:10:42 下午 org.eclipse.lsp4j.jsonrpc.services.GenericEndpoint notify
警告: Unsupported notification method: metals/windowStateDidChange
3月 26, 2025 4:10:42 下午 org.eclipse.lsp4j.jsonrpc.services.GenericEndpoint notify
警告: Unsupported notification method: metals/windowStateDidChange
2025.03.26 16:10:43 INFO  no build target found for /home/wuxy/BPVU/src/main/scala/pvu/FracNorm_DotProduct.scala. Using presentation compiler with project's scala-library version: 2.13.15
2025.03.26 16:10:43 INFO  no build target found for /home/wuxy/BPVU/src/main/scala/pvu/FracNorm_DotProduct.scala. Using presentation compiler with project's scala-library version: 2.13.15
3月 26, 2025 4:10:47 下午 org.eclipse.lsp4j.jsonrpc.services.GenericEndpoint notify
警告: Unsupported notification method: metals/windowStateDidChange
3月 26, 2025 6:55:12 下午 org.eclipse.lsp4j.jsonrpc.services.GenericEndpoint notify
警告: Unsupported notification method: metals/windowStateDidChange
3月 26, 2025 6:55:13 下午 org.eclipse.lsp4j.jsonrpc.services.GenericEndpoint notify
警告: Unsupported notification method: metals/windowStateDidChange
3月 26, 2025 6:55:20 下午 org.eclipse.lsp4j.jsonrpc.services.GenericEndpoint notify
警告: Unsupported notification method: metals/windowStateDidChange
3月 26, 2025 6:55:22 下午 org.eclipse.lsp4j.jsonrpc.services.GenericEndpoint notify
警告: Unsupported notification method: metals/windowStateDidChange
3月 26, 2025 6:55:24 下午 org.eclipse.lsp4j.jsonrpc.services.GenericEndpoint notify
警告: Unsupported notification method: metals/windowStateDidChange
3月 26, 2025 6:56:10 下午 org.eclipse.lsp4j.jsonrpc.services.GenericEndpoint notify
警告: Unsupported notification method: metals/windowStateDidChange
3月 26, 2025 6:56:11 下午 org.eclipse.lsp4j.jsonrpc.services.GenericEndpoint notify
警告: Unsupported notification method: metals/windowStateDidChange
3月 26, 2025 6:56:33 下午 org.eclipse.lsp4j.jsonrpc.services.GenericEndpoint notify
警告: Unsupported notification method: metals/windowStateDidChange
3月 26, 2025 8:59:52 下午 org.eclipse.lsp4j.jsonrpc.services.GenericEndpoint notify
警告: Unsupported notification method: metals/windowStateDidChange
3月 26, 2025 8:59:52 下午 org.eclipse.lsp4j.jsonrpc.services.GenericEndpoint notify
警告: Unsupported notification method: metals/windowStateDidChange
3月 26, 2025 9:01:06 下午 org.eclipse.lsp4j.jsonrpc.services.GenericEndpoint notify
警告: Unsupported notification method: metals/windowStateDidChange
3月 26, 2025 9:01:06 下午 org.eclipse.lsp4j.jsonrpc.services.GenericEndpoint notify
警告: Unsupported notification method: metals/windowStateDidChange
2025.03.27 00:01:25 INFO  Shutting down server
2025.03.27 00:01:25 INFO  shutting down Metals
2025.03.27 00:01:25 INFO  Shut down connection with build server.
2025.03.27 00:01:25 INFO  Exiting server
2025.03.28 09:53:54 INFO  Started: Metals version 1.5.1 in folders '/home/wuxy/BPVU' for client Visual Studio Code 1.98.2.
2025.03.28 09:53:54 INFO  Attempting to connect to the build server...
2025.03.28 09:53:54 INFO  Found a Bloop server running
2025.03.28 09:53:54 INFO  tracing is disabled for protocol BSP, to enable tracing of incoming and outgoing JSON messages create an empty file at /home/wuxy/BPVU/.metals/bsp.trace.json or /home/wuxy/.cache/metals/bsp.trace.json
2025.03.28 09:53:54 INFO  time: Connected to build server in 0.14s
2025.03.28 09:53:54 INFO  Connected to Build server: Bloop v2.0.8
3月 28, 2025 9:53:54 上午 org.eclipse.lsp4j.jsonrpc.services.GenericEndpoint notify
信息: Unsupported notification method: $/setTrace
2025.03.28 09:53:54 INFO  running doctor check
2025.03.28 09:53:54 INFO  java targets: Elaborate.test, Elaborate, mill-build-
2025.03.28 09:53:54 INFO  no build target found for /home/wuxy/BPVU/src/main/scala/pvu/FracNorm_DotProduct.scala. Using presentation compiler with project's scala-library version: 2.13.15
2025.03.28 09:53:57 INFO  no build target found for /home/wuxy/BPVU/src/main/scala/pvu/FracNorm_DotProduct.scala. Using presentation compiler with project's scala-library version: 2.13.15
2025.03.28 09:53:57 INFO  no build target found for /home/wuxy/BPVU/src/main/scala/pvu/FracNorm_DotProduct.scala. Using presentation compiler with project's scala-library version: 2.13.15
3月 28, 2025 9:53:57 上午 org.eclipse.lsp4j.jsonrpc.RemoteEndpoint handleCancellation
警告: Unmatched cancel notification for request id 8
2025.03.28 09:53:57 INFO  no build target found for /home/wuxy/BPVU/src/main/scala/pvu/FracNorm_DotProduct.scala. Using presentation compiler with project's scala-library version: 2.13.15
2025.03.28 09:53:57 INFO  no build target found for /home/wuxy/BPVU/src/main/scala/pvu/FracNorm_DotProduct.scala. Using presentation compiler with project's scala-library version: 2.13.15
2025.03.28 09:53:57 INFO  no build target found for /home/wuxy/BPVU/src/main/scala/pvu/FracNorm_DotProduct.scala. Using presentation compiler with project's scala-library version: 2.13.15
3月 28, 2025 9:53:57 上午 org.eclipse.lsp4j.jsonrpc.RemoteEndpoint handleCancellation
警告: Unmatched cancel notification for request id 15
3月 28, 2025 9:53:57 上午 org.eclipse.lsp4j.jsonrpc.RemoteEndpoint handleCancellation
警告: Unmatched cancel notification for request id 11
2025.03.28 09:53:57 INFO  no build target found for /home/wuxy/BPVU/src/main/scala/pvu/FracNorm_DotProduct.scala. Using presentation compiler with project's scala-library version: 2.13.15
3月 28, 2025 9:53:57 上午 org.eclipse.lsp4j.jsonrpc.services.GenericEndpoint notify
警告: Unsupported notification method: metals/windowStateDidChange
3月 28, 2025 9:53:57 上午 org.eclipse.lsp4j.jsonrpc.services.GenericEndpoint notify
信息: Unsupported notification method: $/setTrace
2025.03.28 09:53:57 INFO  time: indexed workspace in 3.54s
2025.03.28 09:53:58 WARN  no build target for: /home/wuxy/BPVU/src/main/scala/pvu/FracNorm_DotProduct.scala
2025.03.28 09:53:58 INFO  no build target found for /home/wuxy/BPVU/src/main/scala/pvu/FracNorm_DotProduct.scala. Using presentation compiler with project's scala-library version: 2.13.15
2025.03.28 09:53:58 INFO  no build target found for /home/wuxy/BPVU/src/main/scala/pvu/FracNorm_DotProduct.scala. Using presentation compiler with project's scala-library version: 2.13.15
3月 28, 2025 9:53:58 上午 org.eclipse.lsp4j.jsonrpc.services.GenericEndpoint notify
信息: Unsupported notification method: $/setTrace
2025.03.28 09:53:58 INFO  no build target found for /home/wuxy/BPVU/src/main/scala/pvu/FracNorm_DotProduct.scala. Using presentation compiler with project's scala-library version: 2.13.15
3月 28, 2025 9:53:59 上午 org.eclipse.lsp4j.jsonrpc.services.GenericEndpoint notify
信息: Unsupported notification method: $/setTrace
2025.03.28 09:54:00 INFO  no build target found for /home/wuxy/BPVU/src/main/scala/pvu/FracNorm_DotProduct.scala. Using presentation compiler with project's scala-library version: 2.13.15
2025.03.28 09:54:00 INFO  no build target found for /home/wuxy/BPVU/src/main/scala/pvu/FracNorm_DotProduct.scala. Using presentation compiler with project's scala-library version: 2.13.15
2025.03.28 09:54:00 INFO  no build target found for /home/wuxy/BPVU/src/main/scala/pvu/FracNorm_DotProduct.scala. Using presentation compiler with project's scala-library version: 2.13.15
3月 28, 2025 9:54:00 上午 org.eclipse.lsp4j.jsonrpc.RemoteEndpoint handleCancellation
警告: Unmatched cancel notification for request id 30
3月 28, 2025 9:54:00 上午 org.eclipse.lsp4j.jsonrpc.RemoteEndpoint handleCancellation
警告: Unmatched cancel notification for request id 31
3月 28, 2025 9:54:00 上午 org.eclipse.lsp4j.jsonrpc.services.GenericEndpoint notify
警告: Unsupported notification method: metals/windowStateDidChange
3月 28, 2025 9:54:00 上午 org.eclipse.lsp4j.jsonrpc.services.GenericEndpoint notify
信息: Unsupported notification method: $/setTrace
3月 28, 2025 9:54:00 上午 org.eclipse.lsp4j.jsonrpc.services.GenericEndpoint notify
警告: Unsupported notification method: metals/windowStateDidChange
3月 28, 2025 9:54:02 上午 org.eclipse.lsp4j.jsonrpc.services.GenericEndpoint notify
信息: Unsupported notification method: $/setTrace
3月 28, 2025 9:54:03 上午 org.eclipse.lsp4j.jsonrpc.services.GenericEndpoint notify
警告: Unsupported notification method: metals/windowStateDidChange
2025.03.28 09:54:03 INFO  Shutting down server
2025.03.28 09:54:03 INFO  shutting down Metals
2025.03.28 09:54:03 INFO  Shut down connection with build server.
2025.03.28 09:54:03 INFO  Exiting server
2025.03.30 13:11:10 INFO  Started: Metals version 1.5.2 in folders '/home/wuxy/BPVU' for client Visual Studio Code 1.98.2.
2025.03.30 13:11:11 INFO  Attempting to connect to the build server...
2025.03.30 13:11:11 INFO  Found a Bloop server running
2025.03.30 13:11:11 INFO  tracing is disabled for protocol BSP, to enable tracing of incoming and outgoing JSON messages create an empty file at /home/wuxy/BPVU/.metals/bsp.trace.json or /home/wuxy/.cache/metals/bsp.trace.json
2025.03.30 13:11:18 WARN  no build target for: /home/wuxy/BPVU/src/main/scala/pvu/PvuTop.scala
2025.03.30 13:11:18 INFO  no build target found for /home/wuxy/BPVU/src/main/scala/pvu/PvuTop.scala. Using presentation compiler with project's scala-library version: 3.3.5
2025.03.30 13:11:31 ERROR Timeout waiting for 'build/initialize' response
2025.03.30 13:11:31 WARN  Retrying connection to the build server Bloop
2025.03.30 13:11:31 INFO  Found a Bloop server running
2025.03.30 13:11:31 INFO  tracing is disabled for protocol BSP, to enable tracing of incoming and outgoing JSON messages create an empty file at /home/wuxy/BPVU/.metals/bsp.trace.json or /home/wuxy/.cache/metals/bsp.trace.json
2025.03.30 13:11:51 ERROR Timeout waiting for 'build/initialize' response
2025.03.30 13:11:51 WARN  Retrying connection to the build server Bloop
2025.03.30 13:11:51 INFO  Found a Bloop server running
2025.03.30 13:11:51 INFO  tracing is disabled for protocol BSP, to enable tracing of incoming and outgoing JSON messages create an empty file at /home/wuxy/BPVU/.metals/bsp.trace.json or /home/wuxy/.cache/metals/bsp.trace.json
2025.03.30 13:12:11 ERROR Timeout waiting for 'build/initialize' response
2025.03.30 13:12:11 WARN  Retrying connection to the build server Bloop
2025.03.30 13:12:11 INFO  Found a Bloop server running
2025.03.30 13:12:11 INFO  tracing is disabled for protocol BSP, to enable tracing of incoming and outgoing JSON messages create an empty file at /home/wuxy/BPVU/.metals/bsp.trace.json or /home/wuxy/.cache/metals/bsp.trace.json
2025.03.30 13:12:31 ERROR Timeout waiting for 'build/initialize' response
2025.03.30 13:12:31 WARN  Retrying connection to the build server Bloop
2025.03.30 13:12:31 INFO  Found a Bloop server running
2025.03.30 13:12:31 INFO  tracing is disabled for protocol BSP, to enable tracing of incoming and outgoing JSON messages create an empty file at /home/wuxy/BPVU/.metals/bsp.trace.json or /home/wuxy/.cache/metals/bsp.trace.json
2025.03.30 13:12:51 ERROR Timeout waiting for 'build/initialize' response
2025.03.30 13:12:51 WARN  Retrying connection to the build server Bloop
2025.03.30 13:12:51 INFO  Found a Bloop server running
2025.03.30 13:12:51 INFO  tracing is disabled for protocol BSP, to enable tracing of incoming and outgoing JSON messages create an empty file at /home/wuxy/BPVU/.metals/bsp.trace.json or /home/wuxy/.cache/metals/bsp.trace.json
2025.03.30 13:13:11 ERROR Timeout waiting for 'build/initialize' response
2025.03.30 13:13:11 ERROR Bloop server PID: 3653
Ignoring SIGINT
Will truncate output file /home/wuxy/.local/share/scalacli/bloop/daemon/output every 5 minutes
Unable to load nailgun-version.properties.
NGServer [UNKNOWN] started on local socket /home/wuxy/.local/share/scalacli/bloop/daemon/socket.
/home/wuxy/.local/share/scalacli/bloop
/home/wuxy/.local/share/scalacli/bloop
/home/wuxy/.local/share/scalacli/bloop
/home/wuxy/.local/share/scalacli/bloop
/home/wuxy/.local/share/scalacli/bloop
/home/wuxy/.local/share/scalacli/bloop
/home/wuxy/.local/share/scalacli/bloop
/home/wuxy/.local/share/scalacli/bloop
/home/wuxy/.local/share/scalacli/bloop
/home/wuxy/.local/share/scalacli/bloop
/home/wuxy/.local/share/scalacli/bloop
/home/wuxy/.local/share/scalacli/bloop
/home/wuxy/.local/share/scalacli/bloop
/home/wuxy/.local/share/scalacli/bloop
/home/wuxy/.local/share/scalacli/bloop
/home/wuxy/.local/share/scalacli/bloop
/home/wuxy/.local/share/scalacli/bloop
/home/wuxy/.local/share/scalacli/bloop
/home/wuxy/.local/share/scalacli/bloop
/home/wuxy/.local/share/scalacli/bloop
/home/wuxy/.local/share/scalacli/bloop
/home/wuxy/.local/share/scalacli/bloop
/home/wuxy/.local/share/scalacli/bloop
/home/wuxy/.local/share/scalacli/bloop

2025.03.30 13:13:11 ERROR Failed to connect with build server, no functionality will work.
java.util.concurrent.TimeoutException
	at java.util.concurrent.CompletableFuture.timedGet(CompletableFuture.java:1960)
	at java.util.concurrent.CompletableFuture.get(CompletableFuture.java:2095)
	at scala.meta.internal.metals.BuildServerConnection$.initialize(BuildServerConnection.scala:752)
	at scala.meta.internal.metals.BuildServerConnection$.$anonfun$fromSockets$1(BuildServerConnection.scala:627)
	at scala.concurrent.impl.Promise$Transformation.run(Promise.scala:467)
	at java.util.concurrent.ThreadPoolExecutor.runWorker(ThreadPoolExecutor.java:1136)
	at java.util.concurrent.ThreadPoolExecutor$Worker.run(ThreadPoolExecutor.java:635)
	at java.lang.Thread.run(Thread.java:840)

2025.03.30 13:13:11 WARN  no build target for: /home/wuxy/BPVU/src/main/scala/pvu/PvuTop.scala
2025.03.30 13:13:11 INFO  no build target found for /home/wuxy/BPVU/src/main/scala/pvu/PvuTop.scala. Using presentation compiler with project's scala-library version: 3.3.5
2025.03.30 13:17:18 ERROR Failed to resolve Scala 3 presentation compiler for 3.3.5
java.util.concurrent.TimeoutException: Future timed out after [60 seconds]
	at scala.concurrent.impl.Promise$DefaultPromise.tryAwait0(Promise.scala:248)
	at scala.concurrent.impl.Promise$DefaultPromise.result(Promise.scala:261)
	at scala.concurrent.Await$.$anonfun$result$1(package.scala:201)
	at scala.concurrent.BlockContext$DefaultBlockContext$.blockOn(BlockContext.scala:62)
	at scala.concurrent.Await$.result(package.scala:124)
	at scala.meta.internal.metals.MtagsResolver$Default.fetch$1(MtagsResolver.scala:170)
	at scala.meta.internal.metals.MtagsResolver$Default.fetch$1(MtagsResolver.scala:181)
	at scala.meta.internal.metals.MtagsResolver$Default.fetch$1(MtagsResolver.scala:181)
	at scala.meta.internal.metals.MtagsResolver$Default.fetch$1(MtagsResolver.scala:181)
	at scala.meta.internal.metals.MtagsResolver$Default.fetch$1(MtagsResolver.scala:181)
	at scala.meta.internal.metals.MtagsResolver$Default.fetch$1(MtagsResolver.scala:181)
	at scala.meta.internal.metals.MtagsResolver$Default.$anonfun$resolve$8(MtagsResolver.scala:224)
	at java.util.concurrent.ConcurrentHashMap.compute(ConcurrentHashMap.java:1916)
	at scala.meta.internal.metals.MtagsResolver$Default.resolve(MtagsResolver.scala:222)
	at scala.meta.internal.metals.MtagsResolver$Default.resolve(MtagsResolver.scala:123)
	at scala.meta.internal.metals.CompilerConfiguration$StandaloneCompiler.<init>(CompilerConfiguration.scala:58)
	at scala.meta.internal.metals.Compilers.$anonfun$fallbackCompiler$1(Compilers.scala:169)
	at java.util.HashMap.compute(HashMap.java:1316)
	at java.util.Collections$SynchronizedMap.compute(Collections.java:2770)
	at scala.meta.internal.metals.Compilers.fallbackCompiler(Compilers.scala:146)
	at scala.meta.internal.metals.Compilers.fromBuildTarget$1(Compilers.scala:1186)
	at scala.meta.internal.metals.Compilers.loadCompiler(Compilers.scala:1200)
	at scala.meta.internal.metals.Compilers.supportedCodeActions(Compilers.scala:981)
	at scala.meta.internal.metals.codeactions.CodeActionProvider.actionsForParams(CodeActionProvider.scala:53)
	at scala.meta.internal.metals.codeactions.CodeActionProvider.codeActions(CodeActionProvider.scala:70)
	at scala.meta.internal.metals.MetalsLspService.$anonfun$codeAction$1(MetalsLspService.scala:1165)
	at scala.meta.internal.metals.CancelTokens$.future(CancelTokens.scala:38)
	at scala.meta.internal.metals.MetalsLspService.codeAction(MetalsLspService.scala:1164)
	at scala.meta.internal.metals.WorkspaceLspService.codeAction(WorkspaceLspService.scala:593)
	at scala.meta.metals.lsp.DelegatingScalaService.codeAction(DelegatingScalaService.scala:142)
	at jdk.internal.reflect.NativeMethodAccessorImpl.invoke0(Native Method)
	at jdk.internal.reflect.NativeMethodAccessorImpl.invoke(NativeMethodAccessorImpl.java:77)
	at jdk.internal.reflect.DelegatingMethodAccessorImpl.invoke(DelegatingMethodAccessorImpl.java:43)
	at java.lang.reflect.Method.invoke(Method.java:569)
	at org.eclipse.lsp4j.jsonrpc.services.GenericEndpoint.lambda$recursiveFindRpcMethods$0(GenericEndpoint.java:65)
	at org.eclipse.lsp4j.jsonrpc.services.GenericEndpoint.request(GenericEndpoint.java:128)
	at org.eclipse.lsp4j.jsonrpc.RemoteEndpoint.handleRequest(RemoteEndpoint.java:271)
	at org.eclipse.lsp4j.jsonrpc.RemoteEndpoint.consume(RemoteEndpoint.java:201)
	at org.eclipse.lsp4j.jsonrpc.json.StreamMessageProducer.handleMessage(StreamMessageProducer.java:185)
	at org.eclipse.lsp4j.jsonrpc.json.StreamMessageProducer.listen(StreamMessageProducer.java:97)
	at org.eclipse.lsp4j.jsonrpc.json.ConcurrentMessageProcessor.run(ConcurrentMessageProcessor.java:114)
	at java.util.concurrent.Executors$RunnableAdapter.call(Executors.java:539)
	at java.util.concurrent.FutureTask.run(FutureTask.java:264)
	at java.util.concurrent.ThreadPoolExecutor.runWorker(ThreadPoolExecutor.java:1136)
	at java.util.concurrent.ThreadPoolExecutor$Worker.run(ThreadPoolExecutor.java:635)
	at java.lang.Thread.run(Thread.java:840)

2025.03.30 13:23:25 INFO  no build target found for /home/wuxy/BPVU/src/main/scala/pvu/PvuTop.scala. Using presentation compiler with project's scala-library version: 3.3.5
2025.03.30 13:23:25 INFO  no build target found for /home/wuxy/BPVU/src/main/scala/pvu/PvuTop.scala. Using presentation compiler with project's scala-library version: 3.3.5
2025.03.30 13:24:18 INFO  no build target found for /home/wuxy/BPVU/src/main/scala/pvu/PvuTop.scala. Using presentation compiler with project's scala-library version: 3.3.5
2025.03.30 14:09:48 INFO  no build target found for /home/wuxy/BPVU/src/main/scala/pvu/PvuTop.scala. Using presentation compiler with project's scala-library version: 3.3.5
2025.03.30 14:10:33 INFO  no build target found for /home/wuxy/BPVU/src/main/scala/pvu/PvuTop.scala. Using presentation compiler with project's scala-library version: 3.3.5
2025.03.30 14:10:33 INFO  no build target found for /home/wuxy/BPVU/src/main/scala/pvu/PvuTop.scala. Using presentation compiler with project's scala-library version: 3.3.5
2025.03.30 14:10:34 INFO  no build target found for /home/wuxy/BPVU/src/main/scala/pvu/PvuTop.scala. Using presentation compiler with project's scala-library version: 3.3.5
2025.03.30 14:10:34 INFO  no build target found for /home/wuxy/BPVU/src/main/scala/pvu/PvuTop.scala. Using presentation compiler with project's scala-library version: 3.3.5
2025.03.30 14:10:34 INFO  no build target found for /home/wuxy/BPVU/src/main/scala/pvu/PvuTop.scala. Using presentation compiler with project's scala-library version: 3.3.5
2025.03.30 14:10:34 INFO  no build target found for /home/wuxy/BPVU/src/main/scala/pvu/PvuTop.scala. Using presentation compiler with project's scala-library version: 3.3.5
2025.03.30 14:10:35 INFO  no build target found for /home/wuxy/BPVU/src/main/scala/pvu/PvuTop.scala. Using presentation compiler with project's scala-library version: 3.3.5
2025.03.30 14:10:35 INFO  no build target found for /home/wuxy/BPVU/src/main/scala/pvu/PvuTop.scala. Using presentation compiler with project's scala-library version: 3.3.5
2025.03.30 14:10:35 INFO  no build target found for /home/wuxy/BPVU/src/main/scala/pvu/PvuTop.scala. Using presentation compiler with project's scala-library version: 3.3.5
2025.03.30 14:10:56 INFO  no build target found for /home/wuxy/BPVU/src/main/scala/pvu/PvuTop.scala. Using presentation compiler with project's scala-library version: 3.3.5
2025.03.30 14:13:42 INFO  no build target found for /home/wuxy/BPVU/src/main/scala/pvu/PvuTop.scala. Using presentation compiler with project's scala-library version: 3.3.5
2025.03.30 14:13:45 INFO  no build target found for /home/wuxy/BPVU/src/main/scala/pvu/PvuTop.scala. Using presentation compiler with project's scala-library version: 3.3.5
2025.03.30 14:13:46 INFO  no build target found for /home/wuxy/BPVU/src/main/scala/pvu/PvuTop.scala. Using presentation compiler with project's scala-library version: 3.3.5
2025.03.30 14:13:46 INFO  no build target found for /home/wuxy/BPVU/src/main/scala/pvu/PvuTop.scala. Using presentation compiler with project's scala-library version: 3.3.5
2025.03.30 14:13:50 INFO  no build target found for /home/wuxy/BPVU/src/main/scala/pvu/PvuTop.scala. Using presentation compiler with project's scala-library version: 3.3.5
2025.03.30 14:13:50 INFO  no build target found for /home/wuxy/BPVU/src/main/scala/pvu/PvuTop.scala. Using presentation compiler with project's scala-library version: 3.3.5
2025.03.30 14:13:50 INFO  no build target found for /home/wuxy/BPVU/src/main/scala/pvu/PvuTop.scala. Using presentation compiler with project's scala-library version: 3.3.5
2025.03.30 14:13:50 INFO  no build target found for /home/wuxy/BPVU/src/main/scala/pvu/PvuTop.scala. Using presentation compiler with project's scala-library version: 3.3.5
2025.03.30 14:13:50 INFO  no build target found for /home/wuxy/BPVU/src/main/scala/pvu/PvuTop.scala. Using presentation compiler with project's scala-library version: 3.3.5
2025.03.30 14:13:50 INFO  no build target found for /home/wuxy/BPVU/src/main/scala/pvu/PvuTop.scala. Using presentation compiler with project's scala-library version: 3.3.5
2025.03.30 14:13:57 INFO  no build target found for /home/wuxy/BPVU/src/main/scala/pvu/PvuTop.scala. Using presentation compiler with project's scala-library version: 3.3.5
2025.03.30 14:13:57 INFO  no build target found for /home/wuxy/BPVU/src/main/scala/pvu/PvuTop.scala. Using presentation compiler with project's scala-library version: 3.3.5
2025.03.30 14:13:58 INFO  no build target found for /home/wuxy/BPVU/src/main/scala/pvu/PvuTop.scala. Using presentation compiler with project's scala-library version: 3.3.5
2025.03.30 14:13:59 INFO  no build target found for /home/wuxy/BPVU/src/main/scala/pvu/PvuTop.scala. Using presentation compiler with project's scala-library version: 3.3.5
2025.03.30 14:14:14 INFO  no build target found for /home/wuxy/BPVU/src/main/scala/pvu/PvuTop.scala. Using presentation compiler with project's scala-library version: 3.3.5
2025.03.30 14:14:14 INFO  no build target found for /home/wuxy/BPVU/src/main/scala/pvu/PvuTop.scala. Using presentation compiler with project's scala-library version: 3.3.5
2025.03.30 14:14:22 WARN  no build target for: /home/wuxy/BPVU/src/main/scala/pvu/PvuTop.scala
2025.03.30 14:14:22 INFO  no build target found for /home/wuxy/BPVU/src/main/scala/pvu/PvuTop.scala. Using presentation compiler with project's scala-library version: 3.3.5
2025.03.30 14:14:22 INFO  no build target found for /home/wuxy/BPVU/src/main/scala/pvu/PvuTop.scala. Using presentation compiler with project's scala-library version: 3.3.5
2025.03.30 14:23:16 WARN  no build target for: /home/wuxy/BPVU/src/main/scala/pvu/PvuTop.scala
2025.03.30 14:23:16 INFO  no build target found for /home/wuxy/BPVU/src/main/scala/pvu/PvuTop.scala. Using presentation compiler with project's scala-library version: 3.3.5
2025.03.30 14:23:16 INFO  no build target found for /home/wuxy/BPVU/src/main/scala/pvu/PvuTop.scala. Using presentation compiler with project's scala-library version: 3.3.5
2025.03.30 14:24:59 INFO  no build target found for /home/wuxy/BPVU/src/main/scala/pvu/PvuTop.scala. Using presentation compiler with project's scala-library version: 3.3.5
2025.03.30 14:26:57 INFO  no build target found for /home/wuxy/BPVU/src/main/scala/pvu/PvuTop.scala. Using presentation compiler with project's scala-library version: 3.3.5
2025.03.30 14:26:59 INFO  no build target found for /home/wuxy/BPVU/src/main/scala/pvu/PvuTop.scala. Using presentation compiler with project's scala-library version: 3.3.5
2025.03.30 14:27:01 INFO  no build target found for /home/wuxy/BPVU/src/main/scala/pvu/PvuTop.scala. Using presentation compiler with project's scala-library version: 3.3.5
2025.03.30 14:47:42 INFO  Shutting down server
2025.03.30 14:47:42 INFO  shutting down Metals
2025.03.30 14:47:42 INFO  Exiting server
2025.03.30 14:48:08 INFO  Started: Metals version 1.5.2 in folders '/home/wuxy/BPVU' for client Visual Studio Code 1.98.2.
2025.03.30 14:48:08 INFO  no build target found for /home/wuxy/BPVU/src/main/scala/pvu/PvuTop.scala. Using presentation compiler with project's scala-library version: 3.3.5
2025.03.30 14:48:09 INFO  Attempting to connect to the build server...
2025.03.30 14:48:09 INFO  Found a Bloop server running
2025.03.30 14:48:09 INFO  tracing is disabled for protocol BSP, to enable tracing of incoming and outgoing JSON messages create an empty file at /home/wuxy/BPVU/.metals/bsp.trace.json or /home/wuxy/.cache/metals/bsp.trace.json
2025.03.30 14:48:09 INFO  time: Connected to build server in 0.16s
2025.03.30 14:48:09 INFO  Connected to Build server: Bloop v2.0.8
2025.03.30 14:48:09 WARN  2.13.12 is no longer supported in the current Metals versions, using the last known supported version 1.4.2
2025.03.30 14:48:10 INFO  no build target found for /home/wuxy/BPVU/src/main/scala/pvu/PvuTop.scala. Using presentation compiler with project's scala-library version: 2.13.15
3月 30, 2025 2:49:56 下午 org.eclipse.lsp4j.jsonrpc.RemoteEndpoint handleCancellation
警告: Unmatched cancel notification for request id 3
3月 30, 2025 2:49:56 下午 org.eclipse.lsp4j.jsonrpc.RemoteEndpoint handleCancellation
警告: Unmatched cancel notification for request id 1
2025.03.30 14:49:56 INFO  no build target found for /home/wuxy/BPVU/src/main/scala/pvu/PvuTop.scala. Using presentation compiler with project's scala-library version: 2.13.15
2025.03.30 14:49:56 INFO  no build target found for /home/wuxy/BPVU/src/main/scala/pvu/PvuTop.scala. Using presentation compiler with project's scala-library version: 2.13.15
2025.03.30 14:49:56 INFO  no build target found for /home/wuxy/BPVU/src/main/scala/pvu/PvuTop.scala. Using presentation compiler with project's scala-library version: 2.13.15
3月 30, 2025 2:49:56 下午 org.eclipse.lsp4j.jsonrpc.services.GenericEndpoint notify
信息: Unsupported notification method: $/setTrace
2025.03.30 14:49:56 INFO  no build target found for /home/wuxy/BPVU/src/main/scala/pvu/PvuTop.scala. Using presentation compiler with project's scala-library version: 2.13.15
2025.03.30 14:49:56 INFO  no build target found for /home/wuxy/BPVU/src/main/scala/pvu/PvuTop.scala. Using presentation compiler with project's scala-library version: 2.13.15
3月 30, 2025 2:49:56 下午 org.eclipse.lsp4j.jsonrpc.RemoteEndpoint handleCancellation
警告: Unmatched cancel notification for request id 17
2025.03.30 14:49:56 INFO  no build target found for /home/wuxy/BPVU/src/main/scala/pvu/PvuTop.scala. Using presentation compiler with project's scala-library version: 2.13.15
3月 30, 2025 2:49:56 下午 org.eclipse.lsp4j.jsonrpc.services.GenericEndpoint notify
信息: Unsupported notification method: $/setTrace
3月 30, 2025 2:49:56 下午 org.eclipse.lsp4j.jsonrpc.services.GenericEndpoint notify
信息: Unsupported notification method: $/setTrace
3月 30, 2025 2:49:56 下午 org.eclipse.lsp4j.jsonrpc.RemoteEndpoint handleCancellation
警告: Unmatched cancel notification for request id 12
3月 30, 2025 2:49:56 下午 org.eclipse.lsp4j.jsonrpc.RemoteEndpoint handleCancellation
警告: Unmatched cancel notification for request id 14
3月 30, 2025 2:49:56 下午 org.eclipse.lsp4j.jsonrpc.RemoteEndpoint handleCancellation
警告: Unmatched cancel notification for request id 10
2025.03.30 14:49:57 INFO  time: indexed workspace in 1m47s
2025.03.30 14:49:57 WARN  no build target for: /home/wuxy/BPVU/src/main/scala/pvu/PvuTop.scala
2025.03.30 14:49:57 INFO  no build target found for /home/wuxy/BPVU/src/main/scala/pvu/PvuTop.scala. Using presentation compiler with project's scala-library version: 2.13.15
2025.03.30 14:49:57 WARN  no build target for: /home/wuxy/BPVU/src/main/scala/pvu/PvuTop.scala
2025.03.30 14:53:00 INFO  no build target found for /home/wuxy/BPVU/build.sbt. Using presentation compiler with project's scala-library version: 2.13.15
2025.03.30 14:53:00 INFO  no build target found for /home/wuxy/BPVU/build.sbt. Using presentation compiler with project's scala-library version: 2.13.15
2025.03.30 14:53:00 WARN  no build target for: /home/wuxy/BPVU/build.sbt
2025.03.30 14:53:00 INFO  no build target found for /home/wuxy/BPVU/build.sbt. Using presentation compiler with project's scala-library version: 2.13.15
2025.03.30 14:53:01 INFO  no build target found for /home/wuxy/BPVU/build.sbt. Using presentation compiler with project's scala-library version: 2.13.15
2025.03.30 14:53:01 INFO  no build target found for /home/wuxy/BPVU/build.sbt. Using presentation compiler with project's scala-library version: 2.13.15
2025.03.30 14:53:01 INFO  no build target found for /home/wuxy/BPVU/build.sbt. Using presentation compiler with project's scala-library version: 2.13.15
2025.03.30 14:53:02 INFO  no build target found for /home/wuxy/BPVU/build.sbt. Using presentation compiler with project's scala-library version: 2.13.15
2025.03.30 14:53:02 INFO  no build target found for /home/wuxy/BPVU/build.sbt. Using presentation compiler with project's scala-library version: 2.13.15
2025.03.30 14:53:02 INFO  no build target found for /home/wuxy/BPVU/build.sbt. Using presentation compiler with project's scala-library version: 2.13.15
2025.03.30 14:53:02 INFO  no build target found for /home/wuxy/BPVU/build.sbt. Using presentation compiler with project's scala-library version: 2.13.15
2025.03.30 14:53:02 INFO  no build target found for /home/wuxy/BPVU/build.sbt. Using presentation compiler with project's scala-library version: 2.13.15
2025.03.30 14:53:02 INFO  no build target found for /home/wuxy/BPVU/build.sbt. Using presentation compiler with project's scala-library version: 2.13.15
2025.03.30 14:53:03 INFO  no build target found for /home/wuxy/BPVU/build.sbt. Using presentation compiler with project's scala-library version: 2.13.15
2025.03.30 14:53:03 INFO  no build target found for /home/wuxy/BPVU/build.sbt. Using presentation compiler with project's scala-library version: 2.13.15
2025.03.30 14:53:03 INFO  no build target found for /home/wuxy/BPVU/build.sbt. Using presentation compiler with project's scala-library version: 2.13.15
2025.03.30 14:53:04 INFO  no build target found for /home/wuxy/BPVU/build.sbt. Using presentation compiler with project's scala-library version: 2.13.15
2025.03.30 14:53:03 INFO  no build target found for /home/wuxy/BPVU/build.sbt. Using presentation compiler with project's scala-library version: 2.13.15
2025.03.30 14:53:04 INFO  no build target found for /home/wuxy/BPVU/build.sbt. Using presentation compiler with project's scala-library version: 2.13.15
2025.03.30 14:53:03 INFO  no build target found for /home/wuxy/BPVU/build.sbt. Using presentation compiler with project's scala-library version: 2.13.15
2025.03.30 14:53:03 INFO  no build target found for /home/wuxy/BPVU/build.sbt. Using presentation compiler with project's scala-library version: 2.13.15
2025.03.30 14:53:04 INFO  no build target found for /home/wuxy/BPVU/build.sbt. Using presentation compiler with project's scala-library version: 2.13.15
2025.03.30 14:53:04 INFO  no build target found for /home/wuxy/BPVU/build.sbt. Using presentation compiler with project's scala-library version: 2.13.15
2025.03.30 14:53:05 INFO  Detected new build tool in /home/wuxy/BPVU
2025.03.30 14:53:05 INFO  Disconnecting from Bloop session...
2025.03.30 14:53:05 WARN  no build target for: /home/wuxy/BPVU/build.sbt
2025.03.30 14:53:05 INFO  Shut down connection with build server.
2025.03.30 14:53:05 INFO  Attempting to connect to the build server...
2025.03.30 14:53:05 INFO  Found a Bloop server running
2025.03.30 14:53:05 INFO  no build target found for /home/wuxy/BPVU/build.sbt. Using presentation compiler with project's scala-library version: 2.13.15
2025.03.30 14:53:05 INFO  tracing is disabled for protocol BSP, to enable tracing of incoming and outgoing JSON messages create an empty file at /home/wuxy/BPVU/.metals/bsp.trace.json or /home/wuxy/.cache/metals/bsp.trace.json
2025.03.30 14:53:05 INFO  time: Connected to build server in 0.1s
2025.03.30 14:53:05 INFO  Connected to Build server: Bloop v2.0.8
2025.03.30 14:53:05 INFO  no build target found for /home/wuxy/BPVU/build.sbt. Using presentation compiler with project's scala-library version: 2.13.15
2025.03.30 14:53:05 INFO  time: indexed workspace in 0.58s
2025.03.30 14:53:05 WARN  no build target for: /home/wuxy/BPVU/src/main/scala/pvu/PvuTop.scala
2025.03.30 14:53:06 WARN  no build target for: /home/wuxy/BPVU/build.sbt
2025.03.30 14:53:06 INFO  no build target found for /home/wuxy/BPVU/build.sbt. Using presentation compiler with project's scala-library version: 2.13.15
2025.03.30 14:53:06 INFO  no build target found for /home/wuxy/BPVU/build.sbt. Using presentation compiler with project's scala-library version: 2.13.15
2025.03.30 14:53:18 INFO  no build target found for /home/wuxy/BPVU/build.sbt. Using presentation compiler with project's scala-library version: 2.13.15
2025.03.30 14:53:49 INFO  no build target found for /home/wuxy/BPVU/build.sbt. Using presentation compiler with project's scala-library version: 2.13.15
2025.03.30 14:53:49 INFO  no build target found for /home/wuxy/BPVU/build.sbt. Using presentation compiler with project's scala-library version: 2.13.15
2025.03.30 14:53:49 INFO  no build target found for /home/wuxy/BPVU/build.sbt. Using presentation compiler with project's scala-library version: 2.13.15
2025.03.30 14:53:50 INFO  no build target found for /home/wuxy/BPVU/build.sbt. Using presentation compiler with project's scala-library version: 2.13.15
2025.03.30 14:53:50 INFO  no build target found for /home/wuxy/BPVU/build.sbt. Using presentation compiler with project's scala-library version: 2.13.15
2025.03.30 14:53:50 INFO  no build target found for /home/wuxy/BPVU/build.sbt. Using presentation compiler with project's scala-library version: 2.13.15
2025.03.30 14:53:50 INFO  no build target found for /home/wuxy/BPVU/build.sbt. Using presentation compiler with project's scala-library version: 2.13.15
2025.03.30 14:53:50 INFO  no build target found for /home/wuxy/BPVU/build.sbt. Using presentation compiler with project's scala-library version: 2.13.15
2025.03.30 14:53:50 INFO  no build target found for /home/wuxy/BPVU/build.sbt. Using presentation compiler with project's scala-library version: 2.13.15
2025.03.30 14:53:51 INFO  no build target found for /home/wuxy/BPVU/build.sbt. Using presentation compiler with project's scala-library version: 2.13.15
2025.03.30 14:53:51 INFO  no build target found for /home/wuxy/BPVU/build.sbt. Using presentation compiler with project's scala-library version: 2.13.15
2025.03.30 14:53:51 INFO  no build target found for /home/wuxy/BPVU/build.sbt. Using presentation compiler with project's scala-library version: 2.13.15
2025.03.30 14:53:51 INFO  no build target found for /home/wuxy/BPVU/build.sbt. Using presentation compiler with project's scala-library version: 2.13.15
2025.03.30 14:53:51 INFO  no build target found for /home/wuxy/BPVU/build.sbt. Using presentation compiler with project's scala-library version: 2.13.15
2025.03.30 14:53:51 INFO  no build target found for /home/wuxy/BPVU/build.sbt. Using presentation compiler with project's scala-library version: 2.13.15
2025.03.30 14:53:52 INFO  no build target found for /home/wuxy/BPVU/build.sbt. Using presentation compiler with project's scala-library version: 2.13.15
2025.03.30 14:53:51 INFO  no build target found for /home/wuxy/BPVU/build.sbt. Using presentation compiler with project's scala-library version: 2.13.15
2025.03.30 14:53:52 INFO  no build target found for /home/wuxy/BPVU/build.sbt. Using presentation compiler with project's scala-library version: 2.13.15
2025.03.30 14:53:52 INFO  Detected new build tool in /home/wuxy/BPVU
2025.03.30 14:53:52 INFO  Disconnecting from Bloop session...
2025.03.30 14:53:52 INFO  Shut down connection with build server.
2025.03.30 14:53:52 WARN  no build target for: /home/wuxy/BPVU/build.sbt
2025.03.30 14:53:52 INFO  Attempting to connect to the build server...
2025.03.30 14:53:52 INFO  Found a Bloop server running
2025.03.30 14:53:52 INFO  no build target found for /home/wuxy/BPVU/build.sbt. Using presentation compiler with project's scala-library version: 2.13.15
2025.03.30 14:53:52 INFO  tracing is disabled for protocol BSP, to enable tracing of incoming and outgoing JSON messages create an empty file at /home/wuxy/BPVU/.metals/bsp.trace.json or /home/wuxy/.cache/metals/bsp.trace.json
2025.03.30 14:53:52 INFO  time: Connected to build server in 0.1s
2025.03.30 14:53:52 INFO  Connected to Build server: Bloop v2.0.8
2025.03.30 14:53:52 INFO  no build target found for /home/wuxy/BPVU/build.sbt. Using presentation compiler with project's scala-library version: 2.13.15
2025.03.30 14:53:52 INFO  no build target found for /home/wuxy/BPVU/build.sbt. Using presentation compiler with project's scala-library version: 2.13.15
2025.03.30 14:53:53 INFO  time: indexed workspace in 0.56s
2025.03.30 14:53:53 WARN  no build target for: /home/wuxy/BPVU/build.sbt
2025.03.30 14:53:53 WARN  no build target for: /home/wuxy/BPVU/src/main/scala/pvu/PvuTop.scala
2025.03.30 14:53:53 INFO  no build target found for /home/wuxy/BPVU/build.sbt. Using presentation compiler with project's scala-library version: 2.13.15
2025.03.30 14:53:53 INFO  no build target found for /home/wuxy/BPVU/build.sbt. Using presentation compiler with project's scala-library version: 2.13.15
3月 30, 2025 2:54:07 下午 org.eclipse.lsp4j.jsonrpc.services.GenericEndpoint notify
信息: Unsupported notification method: $/setTrace
2025.03.30 14:54:09 INFO  no build target found for /home/wuxy/BPVU/build.sbt. Using presentation compiler with project's scala-library version: 2.13.15
2025.03.30 15:02:55 INFO  no build target found for /home/wuxy/BPVU/build.sbt. Using presentation compiler with project's scala-library version: 2.13.15
2025.03.30 15:03:11 WARN  no build target for: /home/wuxy/BPVU/src/main/scala/pvu/PvuTop.scala
2025.03.30 15:03:11 INFO  no build target found for /home/wuxy/BPVU/src/main/scala/pvu/PvuTop.scala. Using presentation compiler with project's scala-library version: 2.13.15
2025.03.30 15:03:11 INFO  no build target found for /home/wuxy/BPVU/src/main/scala/pvu/PvuTop.scala. Using presentation compiler with project's scala-library version: 2.13.15
2025.03.30 15:03:12 INFO  no build target found for /home/wuxy/BPVU/src/main/scala/pvu/PvuTop.scala. Using presentation compiler with project's scala-library version: 2.13.15
2025.03.31 09:10:08 INFO  Started: Metals version 1.5.2 in folders '/home/wuxy/BPVU' for client Visual Studio Code 1.98.2.
3月 31, 2025 9:10:08 上午 org.eclipse.lsp4j.jsonrpc.services.GenericEndpoint notify
信息: Unsupported notification method: $/setTrace
3月 31, 2025 9:10:09 上午 org.eclipse.lsp4j.jsonrpc.services.GenericEndpoint notify
信息: Unsupported notification method: $/setTrace
3月 31, 2025 9:10:11 上午 org.eclipse.lsp4j.jsonrpc.services.GenericEndpoint notify
信息: Unsupported notification method: $/setTrace
2025.03.31 09:10:11 INFO  Attempting to connect to the build server...
2025.03.31 09:10:11 INFO  No running Bloop server found, starting one.
2025.03.31 09:12:45 INFO  Starting compilation server
2025.03.31 09:12:45 INFO  tracing is disabled for protocol BSP, to enable tracing of incoming and outgoing JSON messages create an empty file at /home/wuxy/BPVU/.metals/bsp.trace.json or /home/wuxy/.cache/metals/bsp.trace.json
2025.03.31 09:12:47 INFO  time: Connected to build server in 2m36s
2025.03.31 09:12:47 INFO  Connected to Build server: Bloop v2.0.9
2025.03.31 09:12:48 WARN  2.13.12 is no longer supported in the current Metals versions, using the last known supported version 1.4.2
2025.03.31 09:12:52 INFO  time: indexed workspace in 4.45s
2025.03.31 09:15:01 INFO  no build target found for /home/wuxy/BPVU/src/main/scala/pvu/PvuTop.scala. Using presentation compiler with project's scala-library version: 2.13.15
2025.03.31 09:15:01 INFO  no build target found for /home/wuxy/BPVU/src/main/scala/pvu/PvuTop.scala. Using presentation compiler with project's scala-library version: 2.13.15
2025.03.31 09:15:01 WARN  no build target for: /home/wuxy/BPVU/src/main/scala/pvu/PvuTop.scala
2025.03.31 09:15:01 INFO  no build target found for /home/wuxy/BPVU/src/main/scala/pvu/PvuTop.scala. Using presentation compiler with project's scala-library version: 2.13.15
